This is pdfTeX, Version 3.14159265-2.6-1.40.19 (TeX Live 2018) (preloaded format=pdflatex 2018.4.16)  1 MAY 2019 09:23
entering extended mode
 restricted \write18 enabled.
 file:line:error style messages enabled.
 %&-line parsing enabled.
**414final_part_pdf.tex
(./414final_part_pdf.tex
LaTeX2e <2018-04-01> patch level 2
Babel <3.18> and hyphenation patterns for 84 language(s) loaded.
(./llncs.cls
Document Class: llncs 2017/09/04 v2.19 
 LaTeX document class for Lecture Notes in Computer Science
(/usr/local/texlive/2018/texmf-dist/tex/latex/base/article.cls
Document Class: article 2014/09/29 v1.4h Standard LaTeX document class
(/usr/local/texlive/2018/texmf-dist/tex/latex/base/size10.clo
File: size10.clo 2014/09/29 v1.4h Standard LaTeX file (size option)
)
\c@part=\count80
\c@section=\count81
\c@subsection=\count82
\c@subsubsection=\count83
\c@paragraph=\count84
\c@subparagraph=\count85
\c@figure=\count86
\c@table=\count87
\abovecaptionskip=\skip41
\belowcaptionskip=\skip42
\bibindent=\dimen102
)
(/usr/local/texlive/2018/texmf-dist/tex/latex/tools/multicol.sty
Package: multicol 2018/04/01 v1.8r multicolumn formatting (FMi)
\c@tracingmulticols=\count88
\mult@box=\box26
\multicol@leftmargin=\dimen103
\c@unbalance=\count89
\c@collectmore=\count90
\doublecol@number=\count91
\multicoltolerance=\count92
\multicolpretolerance=\count93
\full@width=\dimen104
\page@free=\dimen105
\premulticols=\dimen106
\postmulticols=\dimen107
\multicolsep=\skip43
\multicolbaselineskip=\skip44
\partial@page=\box27
\last@line=\box28
\maxbalancingoverflow=\dimen108
\mult@rightbox=\box29
\mult@grightbox=\box30
\mult@gfirstbox=\box31
\mult@firstbox=\box32
\@tempa=\box33
\@tempa=\box34
\@tempa=\box35
\@tempa=\box36
\@tempa=\box37
\@tempa=\box38
\@tempa=\box39
\@tempa=\box40
\@tempa=\box41
\@tempa=\box42
\@tempa=\box43
\@tempa=\box44
\@tempa=\box45
\@tempa=\box46
\@tempa=\box47
\@tempa=\box48
\@tempa=\box49
\c@columnbadness=\count94
\c@finalcolumnbadness=\count95
\last@try=\dimen109
\multicolovershoot=\dimen110
\multicolundershoot=\dimen111
\mult@nat@firstbox=\box50
\colbreak@box=\box51
\mc@col@check@num=\count96
)
(/usr/local/texlive/2018/texmf-dist/tex/latex/oberdiek/aliascnt.sty
Package: aliascnt 2016/05/16 v1.4 Alias counters (HO)

(/usr/local/texlive/2018/texmf-dist/tex/latex/carlisle/remreset.sty))
\c@chapter=\count97
LaTeX Font Info:    Redeclaring math symbol \Gamma on input line 362.
LaTeX Font Info:    Redeclaring math symbol \Delta on input line 363.
LaTeX Font Info:    Redeclaring math symbol \Theta on input line 364.
LaTeX Font Info:    Redeclaring math symbol \Lambda on input line 365.
LaTeX Font Info:    Redeclaring math symbol \Xi on input line 366.
LaTeX Font Info:    Redeclaring math symbol \Pi on input line 367.
LaTeX Font Info:    Redeclaring math symbol \Sigma on input line 368.
LaTeX Font Info:    Redeclaring math symbol \Upsilon on input line 369.
LaTeX Font Info:    Redeclaring math symbol \Phi on input line 370.
LaTeX Font Info:    Redeclaring math symbol \Psi on input line 371.
LaTeX Font Info:    Redeclaring math symbol \Omega on input line 372.
\tocchpnum=\dimen112
\tocsecnum=\dimen113
\tocsectotal=\dimen114
\tocsubsecnum=\dimen115
\tocsubsectotal=\dimen116
\tocsubsubsecnum=\dimen117
\tocsubsubsectotal=\dimen118
\tocparanum=\dimen119
\tocparatotal=\dimen120
\tocsubparanum=\dimen121
\@tempcntc=\count98
\fnindent=\dimen122
\c@@inst=\count99
\c@@auth=\count100
\c@auco=\count101
\instindent=\dimen123
\authrun=\box52
\authorrunning=\toks14
\tocauthor=\toks15
\titrun=\box53
\titlerunning=\toks16
\toctitle=\toks17
\c@theorem=\count102
\c@case=\count103
\c@conjecture=\count104
\c@corollary=\count105
\c@definition=\count106
\c@example=\count107
\c@exercise=\count108
\c@lemma=\count109
\c@note=\count110
\c@problem=\count111
\c@property=\count112
\c@proposition=\count113
\c@question=\count114
\c@solution=\count115
\c@remark=\count116
\headlineindent=\dimen124
)
(/usr/local/texlive/2018/texmf-dist/tex/latex/amsfonts/amssymb.sty
Package: amssymb 2013/01/14 v3.01 AMS font symbols

(/usr/local/texlive/2018/texmf-dist/tex/latex/amsfonts/amsfonts.sty
Package: amsfonts 2013/01/14 v3.01 Basic AMSFonts support
\@emptytoks=\toks18
\symAMSa=\mathgroup4
\symAMSb=\mathgroup5
LaTeX Font Info:    Overwriting math alphabet `\mathfrak' in version `bold'
(Font)                  U/euf/m/n --> U/euf/b/n on input line 106.
))
(/usr/local/texlive/2018/texmf-dist/tex/latex/graphics/graphicx.sty
Package: graphicx 2017/06/01 v1.1a Enhanced LaTeX Graphics (DPC,SPQR)

(/usr/local/texlive/2018/texmf-dist/tex/latex/graphics/keyval.sty
Package: keyval 2014/10/28 v1.15 key=value parser (DPC)
\KV@toks@=\toks19
)
(/usr/local/texlive/2018/texmf-dist/tex/latex/graphics/graphics.sty
Package: graphics 2017/06/25 v1.2c Standard LaTeX Graphics (DPC,SPQR)

(/usr/local/texlive/2018/texmf-dist/tex/latex/graphics/trig.sty
Package: trig 2016/01/03 v1.10 sin cos tan (DPC)
)
(/usr/local/texlive/2018/texmf-dist/tex/latex/graphics-cfg/graphics.cfg
File: graphics.cfg 2016/06/04 v1.11 sample graphics configuration
)
Package graphics Info: Driver file: pdftex.def on input line 99.

(/usr/local/texlive/2018/texmf-dist/tex/latex/graphics-def/pdftex.def
File: pdftex.def 2018/01/08 v1.0l Graphics/color driver for pdftex
))
\Gin@req@height=\dimen125
\Gin@req@width=\dimen126
)
(/usr/local/texlive/2018/texmf-dist/tex/latex/amsmath/amsmath.sty
Package: amsmath 2017/09/02 v2.17a AMS math features
\@mathmargin=\skip45

For additional information on amsmath, use the `?' option.
(/usr/local/texlive/2018/texmf-dist/tex/latex/amsmath/amstext.sty
Package: amstext 2000/06/29 v2.01 AMS text

(/usr/local/texlive/2018/texmf-dist/tex/latex/amsmath/amsgen.sty
File: amsgen.sty 1999/11/30 v2.0 generic functions
\@emptytoks=\toks20
\ex@=\dimen127
))
(/usr/local/texlive/2018/texmf-dist/tex/latex/amsmath/amsbsy.sty
Package: amsbsy 1999/11/29 v1.2d Bold Symbols
\pmbraise@=\dimen128
)
(/usr/local/texlive/2018/texmf-dist/tex/latex/amsmath/amsopn.sty
Package: amsopn 2016/03/08 v2.02 operator names
)
\inf@bad=\count117
LaTeX Info: Redefining \frac on input line 213.
\uproot@=\count118
\leftroot@=\count119
LaTeX Info: Redefining \overline on input line 375.
\classnum@=\count120
\DOTSCASE@=\count121
LaTeX Info: Redefining \ldots on input line 472.
LaTeX Info: Redefining \dots on input line 475.
LaTeX Info: Redefining \cdots on input line 596.
\Mathstrutbox@=\box54
\strutbox@=\box55
\big@size=\dimen129
LaTeX Font Info:    Redeclaring font encoding OML on input line 712.
LaTeX Font Info:    Redeclaring font encoding OMS on input line 713.


Package amsmath Warning: Unable to redefine math accent \vec.

\macc@depth=\count122
\c@MaxMatrixCols=\count123
\dotsspace@=\muskip10
\c@parentequation=\count124
\dspbrk@lvl=\count125
\tag@help=\toks21
\row@=\count126
\column@=\count127
\maxfields@=\count128
\andhelp@=\toks22
\eqnshift@=\dimen130
\alignsep@=\dimen131
\tagshift@=\dimen132
\tagwidth@=\dimen133
\totwidth@=\dimen134
\lineht@=\dimen135
\@envbody=\toks23
\multlinegap=\skip46
\multlinetaggap=\skip47
\mathdisplay@stack=\toks24
LaTeX Info: Redefining \[ on input line 2817.
LaTeX Info: Redefining \] on input line 2818.
) (/usr/local/texlive/2018/texmf-dist/tex/latex/caption/caption.sty
Package: caption 2016/02/21 v3.3-144 Customizing captions (AR)

(/usr/local/texlive/2018/texmf-dist/tex/latex/caption/caption3.sty
Package: caption3 2016/05/22 v1.7-166 caption3 kernel (AR)
Package caption3 Info: TeX engine: e-TeX on input line 67.
\captionmargin=\dimen136
\captionmargin@=\dimen137
\captionwidth=\dimen138
\caption@tempdima=\dimen139
\caption@indent=\dimen140
\caption@parindent=\dimen141
\caption@hangindent=\dimen142
Package caption Info: Unknown document class (or package),
(caption)             standard defaults will be used.
)

Package caption Warning: Unsupported document class (or package) detected,
(caption)                usage of the caption package is not recommended.
See the caption package documentation for explanation.

Package caption Info: \@makecaption = \long macro:#1#2->\small \vskip \abovecap
tionskip \sbox \@tempboxa {{\bfseries #1.} #2}\ifdim \wd \@tempboxa >\hsize {\b
fseries #1.} #2\par \else \global \@minipagefalse \hb@xt@ \hsize {\hfil \box \@
tempboxa \hfil }\fi \vskip \belowcaptionskip .
\c@ContinuedFloat=\count129
) (/usr/local/texlive/2018/texmf-dist/tex/latex/subfig/subfig.sty
Package: subfig 2005/06/28 ver: 1.3 subfig package
\c@KVtest=\count130
\sf@farskip=\skip48
\sf@captopadj=\dimen143
\sf@capskip=\skip49
\sf@nearskip=\skip50
\c@subfigure=\count131
\c@subfigure@save=\count132
\c@lofdepth=\count133
\c@subtable=\count134
\c@subtable@save=\count135
\c@lotdepth=\count136
\sf@top=\skip51
\sf@bottom=\skip52
)
(/usr/local/texlive/2018/texmf-dist/tex/latex/csvsimple/csvsimple.sty
Package: csvsimple 2016/07/01 version 1.20 LaTeX CSV file processing

(/usr/local/texlive/2018/texmf-dist/tex/latex/pgf/utilities/pgfkeys.sty
(/usr/local/texlive/2018/texmf-dist/tex/generic/pgf/utilities/pgfkeys.code.tex
\pgfkeys@pathtoks=\toks25
\pgfkeys@temptoks=\toks26

(/usr/local/texlive/2018/texmf-dist/tex/generic/pgf/utilities/pgfkeysfiltered.c
ode.tex
\pgfkeys@tmptoks=\toks27
))) (/usr/local/texlive/2018/texmf-dist/tex/latex/base/ifthen.sty
Package: ifthen 2014/09/29 v1.1c Standard LaTeX ifthen package (DPC)
)
(/usr/local/texlive/2018/texmf-dist/tex/latex/etoolbox/etoolbox.sty
Package: etoolbox 2018/02/11 v2.5e e-TeX tools for LaTeX (JAW)
\etb@tempcnta=\count137
)
(/usr/local/texlive/2018/texmf-dist/tex/latex/tools/shellesc.sty
Package: shellesc 2016/06/07 v0.02a unified shell escape interface for LaTeX
Package shellesc Info: Restricted shell escape enabled on input line 69.
)
\csv@file=\read1
\c@csvinputline=\count138
\c@csvrow=\count139
\c@csvcol=\count140
\csv@out=\write3
)
(/usr/local/texlive/2018/texmf-dist/tex/latex/multirow/multirow.sty
Package: multirow 2016/11/25 v2.2 Span multiple rows of a table
\multirow@colwidth=\skip53
\multirow@cntb=\count141
\multirow@dima=\skip54
\bigstrutjot=\dimen144
)
(/usr/local/texlive/2018/texmf-dist/tex/latex/tools/array.sty
Package: array 2018/04/07 v2.4g Tabular extension package (FMi)
\col@sep=\dimen145
\ar@mcellbox=\box56
\extrarowheight=\dimen146
\NC@list=\toks28
\extratabsurround=\skip55
\backup@length=\skip56
\ar@cellbox=\box57
)
(/usr/local/texlive/2018/texmf-dist/tex/latex/booktabs/booktabs.sty
Package: booktabs 2016/04/27 v1.618033 publication quality tables
\heavyrulewidth=\dimen147
\lightrulewidth=\dimen148
\cmidrulewidth=\dimen149
\belowrulesep=\dimen150
\belowbottomsep=\dimen151
\aboverulesep=\dimen152
\abovetopsep=\dimen153
\cmidrulesep=\dimen154
\cmidrulekern=\dimen155
\defaultaddspace=\dimen156
\@cmidla=\count142
\@cmidlb=\count143
\@aboverulesep=\dimen157
\@belowrulesep=\dimen158
\@thisruleclass=\count144
\@lastruleclass=\count145
\@thisrulewidth=\dimen159
)
(/usr/local/texlive/2018/texmf-dist/tex/latex/url/url.sty
\Urlmuskip=\muskip11
Package: url 2013/09/16  ver 3.4  Verb mode for urls, etc.
)
(/usr/local/texlive/2018/texmf-dist/tex/latex/float/float.sty
Package: float 2001/11/08 v1.3d Float enhancements (AL)
\c@float@type=\count146
\float@exts=\toks29
\float@box=\box58
\@float@everytoks=\toks30
\@floatcapt=\box59
)
(./414final_part_pdf.aux

LaTeX Warning: Label `fig:framework' multiply defined.


LaTeX Warning: Label `fig:framework' multiply defined.


LaTeX Warning: Label `fig:framework' multiply defined.


LaTeX Warning: Label `fig:framework' multiply defined.


LaTeX Warning: Label `fig:framework' multiply defined.


LaTeX Warning: Label `fig:framework' multiply defined.


LaTeX Warning: Label `fig:framework' multiply defined.


LaTeX Warning: Label `fig:framework' multiply defined.


LaTeX Warning: Label `fig:framework' multiply defined.


LaTeX Warning: Label `fig:framework' multiply defined.


LaTeX Warning: Label `fig:framework' multiply defined.

)
\openout1 = `414final_part_pdf.aux'.

LaTeX Font Info:    Checking defaults for OML/cmm/m/it on input line 40.
LaTeX Font Info:    ... okay on input line 40.
LaTeX Font Info:    Checking defaults for T1/cmr/m/n on input line 40.
LaTeX Font Info:    ... okay on input line 40.
LaTeX Font Info:    Checking defaults for OT1/cmr/m/n on input line 40.
LaTeX Font Info:    ... okay on input line 40.
LaTeX Font Info:    Checking defaults for OMS/cmsy/m/n on input line 40.
LaTeX Font Info:    ... okay on input line 40.
LaTeX Font Info:    Checking defaults for OMX/cmex/m/n on input line 40.
LaTeX Font Info:    ... okay on input line 40.
LaTeX Font Info:    Checking defaults for U/cmr/m/n on input line 40.
LaTeX Font Info:    ... okay on input line 40.
 (/usr/local/texlive/2018/texmf-dist/tex/context/base/mkii/supp-pdf.mkii
[Loading MPS to PDF converter (version 2006.09.02).]
\scratchcounter=\count147
\scratchdimen=\dimen160
\scratchbox=\box60
\nofMPsegments=\count148
\nofMParguments=\count149
\everyMPshowfont=\toks31
\MPscratchCnt=\count150
\MPscratchDim=\dimen161
\MPnumerator=\count151
\makeMPintoPDFobject=\count152
\everyMPtoPDFconversion=\toks32
) (/usr/local/texlive/2018/texmf-dist/tex/latex/oberdiek/epstopdf-base.sty
Package: epstopdf-base 2016/05/15 v2.6 Base part for package epstopdf

(/usr/local/texlive/2018/texmf-dist/tex/generic/oberdiek/infwarerr.sty
Package: infwarerr 2016/05/16 v1.4 Providing info/warning/error messages (HO)
)
(/usr/local/texlive/2018/texmf-dist/tex/latex/oberdiek/grfext.sty
Package: grfext 2016/05/16 v1.2 Manage graphics extensions (HO)

(/usr/local/texlive/2018/texmf-dist/tex/generic/oberdiek/kvdefinekeys.sty
Package: kvdefinekeys 2016/05/16 v1.4 Define keys (HO)

(/usr/local/texlive/2018/texmf-dist/tex/generic/oberdiek/ltxcmds.sty
Package: ltxcmds 2016/05/16 v1.23 LaTeX kernel commands for general use (HO)
)))
(/usr/local/texlive/2018/texmf-dist/tex/latex/oberdiek/kvoptions.sty
Package: kvoptions 2016/05/16 v3.12 Key value format for package options (HO)

(/usr/local/texlive/2018/texmf-dist/tex/generic/oberdiek/kvsetkeys.sty
Package: kvsetkeys 2016/05/16 v1.17 Key value parser (HO)

(/usr/local/texlive/2018/texmf-dist/tex/generic/oberdiek/etexcmds.sty
Package: etexcmds 2016/05/16 v1.6 Avoid name clashes with e-TeX commands (HO)

(/usr/local/texlive/2018/texmf-dist/tex/generic/oberdiek/ifluatex.sty
Package: ifluatex 2016/05/16 v1.4 Provides the ifluatex switch (HO)
Package ifluatex Info: LuaTeX not detected.
)
Package etexcmds Info: Could not find \expanded.
(etexcmds)             That can mean that you are not using pdfTeX 1.50 or
(etexcmds)             that some package has redefined \expanded.
(etexcmds)             In the latter case, load this package earlier.
)))
(/usr/local/texlive/2018/texmf-dist/tex/generic/oberdiek/pdftexcmds.sty
Package: pdftexcmds 2018/01/30 v0.27 Utility functions of pdfTeX for LuaTeX (HO
)

(/usr/local/texlive/2018/texmf-dist/tex/generic/oberdiek/ifpdf.sty
Package: ifpdf 2017/03/15 v3.2 Provides the ifpdf switch
)
Package pdftexcmds Info: LuaTeX not detected.
Package pdftexcmds Info: \pdf@primitive is available.
Package pdftexcmds Info: \pdf@ifprimitive is available.
Package pdftexcmds Info: \pdfdraftmode found.
)
Package epstopdf-base Info: Redefining graphics rule for `.eps' on input line 4
38.
Package grfext Info: Graphics extension search list:
(grfext)             [.pdf,.png,.jpg,.mps,.jpeg,.jbig2,.jb2,.PDF,.PNG,.JPG,.JPE
G,.JBIG2,.JB2,.eps]
(grfext)             \AppendGraphicsExtensions on input line 456.

(/usr/local/texlive/2018/texmf-dist/tex/latex/latexconfig/epstopdf-sys.cfg
File: epstopdf-sys.cfg 2010/07/13 v1.3 Configuration of (r)epstopdf for TeX Liv
e
))
Package caption Info: Begin \AtBeginDocument code.
Package caption Info: subfig package v1.3 is loaded.
Package caption Info: float package is loaded.
Package caption Info: End \AtBeginDocument code.
LaTeX Font Info:    Try loading font information for U+msa on input line 79.

(/usr/local/texlive/2018/texmf-dist/tex/latex/amsfonts/umsa.fd
File: umsa.fd 2013/01/14 v3.01 AMS symbols A
)
LaTeX Font Info:    Try loading font information for U+msb on input line 79.

(/usr/local/texlive/2018/texmf-dist/tex/latex/amsfonts/umsb.fd
File: umsb.fd 2013/01/14 v3.01 AMS symbols B
)
Underfull \hbox (badness 10000) in paragraph at lines 89--90

 []


Underfull \hbox (badness 10000) in paragraph at lines 91--92

 []

[1

{/usr/local/texlive/2018/texmf-var/fonts/map/pdftex/updmap/pdftex.map}]
Underfull \hbox (badness 10000) in paragraph at lines 93--94

 []


Underfull \hbox (badness 10000) in paragraph at lines 95--96

 []


Underfull \hbox (badness 10000) in paragraph at lines 97--98

 []


Underfull \vbox (badness 5105) has occurred while \output is active []

 [2]
<fig1.png, id=13, 471.7625pt x 168.63pt>
File: fig1.png Graphic file (type png)
<use fig1.png>
Package pdftex.def Info: fig1.png  used on input line 101.
(pdftex.def)             Requested size: 273.62244pt x 97.80545pt.

Underfull \hbox (badness 10000) in paragraph at lines 107--108

 []


Underfull \hbox (badness 10000) in paragraph at lines 109--110

 []


Underfull \hbox (badness 10000) in paragraph at lines 111--112

 []

[3 <./fig1.png>]
<fig3.png, id=19, 1850.915pt x 999.735pt>
File: fig3.png Graphic file (type png)
<use fig3.png>
Package pdftex.def Info: fig3.png  used on input line 115.
(pdftex.def)             Requested size: 351.6775pt x 189.95161pt.

Overfull \hbox (4.55397pt too wide) in paragraph at lines 115--116
[][] 
 []


Underfull \hbox (badness 10000) in paragraph at lines 120--121

 []


Underfull \hbox (badness 10000) in paragraph at lines 123--124

 []

[4 <./fig3.png>]
<fig4.png, id=24, 604.2575pt x 223.83624pt>
File: fig4.png Graphic file (type png)
<use fig4.png>
Package pdftex.def Info: fig4.png  used on input line 127.
(pdftex.def)             Requested size: 362.5573pt x 134.30278pt.

Overfull \hbox (15.43376pt too wide) in paragraph at lines 127--128
[][] 
 []


Underfull \hbox (badness 10000) in paragraph at lines 132--134

 []

<fig5.png, id=25, 337.26pt x 342.27875pt>
File: fig5.png Graphic file (type png)
<use fig5.png>
Package pdftex.def Info: fig5.png  used on input line 137.
(pdftex.def)             Requested size: 128.16013pt x 130.06726pt.

Underfull \vbox (badness 1490) has occurred while \output is active []

 [5 <./fig4.png>]
Underfull \hbox (badness 10000) in paragraph at lines 143--144

 []

<figure3.png, id=30, 604.2575pt x 211.79124pt>
File: figure3.png Graphic file (type png)
<use figure3.png>
Package pdftex.def Info: figure3.png  used on input line 147.
(pdftex.def)             Requested size: 362.5573pt x 127.07571pt.

Overfull \hbox (15.43376pt too wide) in paragraph at lines 147--148
[][] 
 []


Underfull \hbox (badness 10000) in paragraph at lines 152--153

 []

[6 <./fig5.png> <./figure3.png>]
Underfull \hbox (badness 10000) in paragraph at lines 160--163

 []


Underfull \hbox (badness 10000) in paragraph at lines 164--165

 []


Underfull \hbox (badness 10000) in paragraph at lines 166--169

 []

<HLshelf.jpeg, id=36, 1716.4125pt x 720.6925pt>
File: HLshelf.jpeg Graphic file (type jpg)
<use HLshelf.jpeg>
Package pdftex.def Info: HLshelf.jpeg  used on input line 172.
(pdftex.def)             Requested size: 257.45076pt x 108.09921pt.

Underfull \vbox (badness 10000) has occurred while \output is active []

 [7]
<high_shelf_formula.png, id=41, 407.5225pt x 61.22874pt>
File: high_shelf_formula.png Graphic file (type png)
<use high_shelf_formula.png>
Package pdftex.def Info: high_shelf_formula.png  used on input line 182.
(pdftex.def)             Requested size: 244.51538pt x 36.73752pt.

Underfull \hbox (badness 10000) in paragraph at lines 178--185

 []


./414final_part_pdf.tex:187: Package inputenc Error: Unicode character ∞ (U+2
21E)
(inputenc)                not set up for use with LaTeX.

See the inputenc package documentation for explanation.
Type  H <return>  for immediate help.
 ...                                              
                                                  
l.187 ... 0), and the high-frequency gain (s = ∞
                                                  ) is constrained to be 1 ....

? 
<high_shelf_formula2.png, id=42, 500.87125pt x 72.27pt>
File: high_shelf_formula2.png Graphic file (type png)
<use high_shelf_formula2.png>
Package pdftex.def Info: high_shelf_formula2.png  used on input line 192.
(pdftex.def)             Requested size: 300.52505pt x 43.36232pt.

Underfull \hbox (badness 10000) in paragraph at lines 187--195

 []

<shelf_formula3.png, id=43, 131.49126pt x 36.135pt>
File: shelf_formula3.png Graphic file (type png)
<use shelf_formula3.png>
Package pdftex.def Info: shelf_formula3.png  used on input line 201.
(pdftex.def)             Requested size: 78.89534pt x 21.68115pt.

Underfull \hbox (badness 10000) in paragraph at lines 197--204

 []


Underfull \hbox (badness 10000) in paragraph at lines 206--207

 []

[8 <./HLshelf.jpeg> <./high_shelf_formula.png> <./high_shelf_formula2.png> <./s
helf_formula3.png>]
Underfull \hbox (badness 10000) in paragraph at lines 208--209

 []

<orig_low.jpeg, id=52, 1696.3375pt x 1055.945pt>
File: orig_low.jpeg Graphic file (type jpg)
<use orig_low.jpeg>
Package pdftex.def Info: orig_low.jpeg  used on input line 211.
(pdftex.def)             Requested size: 424.08334pt x 263.9856pt.

Overfull \hbox (76.95981pt too wide) in paragraph at lines 211--212
[][] 
 []

<high.jpeg, id=53, 1696.3375pt x 517.935pt>
File: high.jpeg Graphic file (type jpg)
<use high.jpeg>
Package pdftex.def Info: high.jpeg  used on input line 217.
(pdftex.def)             Requested size: 424.08334pt x 129.48343pt.

Overfull \hbox (76.95981pt too wide) in paragraph at lines 217--218
[][] 
 []


Underfull \vbox (badness 10000) has occurred while \output is active []

 [9 <./orig_low.jpeg>]
<HL.jpeg, id=57, 1698.345pt x 509.905pt>
File: HL.jpeg Graphic file (type jpg)
<use HL.jpeg>
Package pdftex.def Info: HL.jpeg  used on input line 223.
(pdftex.def)             Requested size: 424.5852pt x 127.47594pt.

Overfull \hbox (77.46167pt too wide) in paragraph at lines 223--224
[][] 
 []


Underfull \hbox (badness 10000) in paragraph at lines 236--237

 []


Underfull \hbox (badness 10000) in paragraph at lines 238--239

 []

[10 <./high.jpeg> <./HL.jpeg>]
<figureA.png, id=61, 391.7034pt x 151.2852pt>
File: figureA.png Graphic file (type png)
<use figureA.png>
Package pdftex.def Info: figureA.png  used on input line 241.
(pdftex.def)             Requested size: 97.9256pt x 37.8212pt.
<figureB.png, id=62, 382.5492pt x 142.6128pt>
File: figureB.png Graphic file (type png)
<use figureB.png>
Package pdftex.def Info: figureB.png  used on input line 247.
(pdftex.def)             Requested size: 95.63705pt x 35.6531pt.
<figureC.png, id=63, 417.2388pt x 135.3858pt>
File: figureC.png Graphic file (type png)
<use figureC.png>
Package pdftex.def Info: figureC.png  used on input line 253.
(pdftex.def)             Requested size: 104.30943pt x 33.84636pt.

Underfull \hbox (badness 10000) in paragraph at lines 258--259

 []

<figureD.png, id=64, 417.2388pt x 135.8676pt>
File: figureD.png Graphic file (type png)
<use figureD.png>
Package pdftex.def Info: figureD.png  used on input line 261.
(pdftex.def)             Requested size: 104.30943pt x 33.96681pt.
<figureE.png, id=65, 416.757pt x 134.904pt>
File: figureE.png Graphic file (type png)
<use figureE.png>
Package pdftex.def Info: figureE.png  used on input line 267.
(pdftex.def)             Requested size: 104.189pt x 33.7259pt.

Underfull \vbox (badness 10000) has occurred while \output is active []

 [11 <./figureA.png> <./figureB.png> <./figureC.png> <./figureD.png>]
Underfull \hbox (badness 10000) in paragraph at lines 272--273

 []

[12 <./figureE.png>]
Underfull \hbox (badness 10000) in paragraph at lines 333--334
[]\OT1/cmr/m/n/9 Github: python-audio-effects. https://github.com/carlthome/pyt
hon-audio-
 []

./414final_part_pdf.tex:336: Missing $ inserted.
<inserted text> 
                $
l.336 ...iana.edu/emusic/etext/synthesis/chapter4_
                                                  filters.shtml
? 
./414final_part_pdf.tex:337: Missing $ inserted.
<inserted text> 
                $
l.337 
      
? 
./414final_part_pdf.tex:337: Missing } inserted.
<inserted text> 
                }
l.337 
      
? 

Underfull \hbox (badness 10000) in paragraph at lines 335--337
[]\OT1/cmr/m/n/9 Introduction to Com-puter Mu-sic: Uni-ver-sity of In-di-ana
 []

./414final_part_pdf.tex:337: Extra }, or forgotten \endgroup.
\par ...m \@noitemerr {\@@par }\fi \else {\@@par }
                                                  \fi 
l.337 
      
? 

./414final_part_pdf.tex:343: Package inputenc Error: Unicode character ̈ (U+30
8)
(inputenc)                not set up for use with LaTeX.

See the inputenc package documentation for explanation.
Type  H <return>  for immediate help.
 ...                                              
                                                  
l.343 \bibitem{24} V. V ̈
                          alim ̈aki, J. D. Parker, L. Savioja, J. O. Smith,...

? 

./414final_part_pdf.tex:343: Package inputenc Error: Unicode character ̈ (U+30
8)
(inputenc)                not set up for use with LaTeX.

See the inputenc package documentation for explanation.
Type  H <return>  for immediate help.
 ...                                              
                                                  
l.343 \bibitem{24} V. V ̈alim ̈
                                 aki, J. D. Parker, L. Savioja, J. O. Smith,...

? 
[13] (./414final_part_pdf.aux)

LaTeX Warning: There were multiply-defined labels.

 ) 
Here is how much of TeX's memory you used:
 5588 strings out of 492649
 91035 string characters out of 6129622
 169844 words of memory out of 5000000
 9361 multiletter control sequences out of 15000+600000
 9959 words of font info for 39 fonts, out of 8000000 for 9000
 1141 hyphenation exceptions out of 8191
 41i,7n,46p,1842b,304s stack positions out of 5000i,500n,10000p,200000b,80000s
</usr/local/texlive/2018/texmf-dist/fonts/type1/public/amsfonts/cm/cmbx12.pfb
></usr/local/texlive/2018/texmf-dist/fonts/type1/public/amsfonts/cm/cmbx9.pfb><
/usr/local/texlive/2018/texmf-dist/fonts/type1/public/amsfonts/cm/cmmi10.pfb></
usr/local/texlive/2018/texmf-dist/fonts/type1/public/amsfonts/cm/cmmi6.pfb></us
r/local/texlive/2018/texmf-dist/fonts/type1/public/amsfonts/cm/cmmi9.pfb></usr/
local/texlive/2018/texmf-dist/fonts/type1/public/amsfonts/cm/cmr10.pfb></usr/lo
cal/texlive/2018/texmf-dist/fonts/type1/public/amsfonts/cm/cmr7.pfb></usr/local
/texlive/2018/texmf-dist/fonts/type1/public/amsfonts/cm/cmr9.pfb>
Output written on 414final_part_pdf.pdf (13 pages, 2153470 bytes).
PDF statistics:
 110 PDF objects out of 1000 (max. 8388607)
 56 compressed objects within 1 object stream
 0 named destinations out of 1000 (max. 500000)
 86 words of extra memory for PDF output out of 10000 (max. 10000000)

